<?xml version="1.0" encoding="UTF-8"?>
<testsuite xmlns:xsi="http://www.w3.org/2001/XMLSchema-instance" xsi:noNamespaceSchemaLocation="https://maven.apache.org/surefire/maven-surefire-plugin/xsd/surefire-test-report-3.0.xsd" version="3.0" name="com.ehei.BankAccountTest" time="0.201" tests="3" errors="0" skipped="0" failures="0">
  <properties>
[...]
</properties>
  <testcase name="testWithdrawInsufficientFunds" classname="com.ehei.BankAccountTest" time="0.125"/>
  <testcase name="testWithdraw" classname="com.ehei.BankAccountTest" time="0.007"/>
  <testcase name="testDeposit" classname="com.ehei.BankAccountTest" time="0.006"/>
</testsuite>